[2025-09-04 09:56:37] 📁 PROFILES CREATED: {'Profile 24'}
[2025-09-04 09:56:40] 🔄 LOCAL STATE CHANGED
[2025-09-04 09:56:40]   Added to Local State: {'Profile 24'}
[2025-09-04 09:56:49] 📁 PROFILES CREATED: {'Profile 26', 'Profile 25'}
[2025-09-04 09:56:49] 🔄 LOCAL STATE CHANGED
[2025-09-04 09:56:49]   Added to Local State: {'Profile 26', 'Profile 25'}
[2025-09-04 09:56:52] 📁 PROFILES CREATED: {'Profile 27'}
[2025-09-04 09:56:52] 🔄 LOCAL STATE CHANGED
[2025-09-04 09:56:52]   Added to Local State: {'Profile 27'}
[2025-09-04 09:59:44] 📁 PROFILES CREATED: {'Profile 20'}
[2025-09-04 09:59:47] 🔄 LOCAL STATE CHANGED
[2025-09-04 09:59:47]   Added to Local State: {'Profile 20'}
[2025-09-04 09:59:54] 📁 PROFILES CREATED: {'Profile 21'}
[2025-09-04 09:59:54] 🔄 LOCAL STATE CHANGED
[2025-09-04 09:59:54]   Added to Local State: {'Profile 21'}
[2025-09-04 09:59:57] 📁 PROFILES CREATED: {'Profile 22'}
[2025-09-04 09:59:57] 🔄 LOCAL STATE CHANGED
[2025-09-04 09:59:57]   Added to Local State: {'Profile 22'}
[2025-09-04 10:00:00] 📁 PROFILES CREATED: {'Profile 23'}
[2025-09-04 10:00:00] 🔄 LOCAL STATE CHANGED
[2025-09-04 10:00:00]   Added to Local State: {'Profile 23'}
[2025-09-04 10:37:32] 📁 PROFILES CREATED: {'Profile 20'}
[2025-09-04 10:37:35] 🔄 LOCAL STATE CHANGED
[2025-09-04 10:37:35]   Added to Local State: {'Profile 20'}
[2025-09-04 10:37:42] 📁 PROFILES CREATED: {'Profile 22', 'Profile 21'}
[2025-09-04 10:37:42] 🔄 LOCAL STATE CHANGED
[2025-09-04 10:37:42]   Added to Local State: {'Profile 22', 'Profile 21'}
[2025-09-04 10:37:45] 📁 PROFILES CREATED: {'Profile 23'}
[2025-09-04 10:37:45] 🔄 LOCAL STATE CHANGED
[2025-09-04 10:37:45]   Added to Local State: {'Profile 23'}
[2025-09-04 10:44:54] 📁 PROFILES CREATED: {'Profile 24'}
[2025-09-04 10:44:54] 🔄 LOCAL STATE CHANGED
[2025-09-04 10:44:54]   Added to Local State: {'Profile 24'}
[2025-09-04 10:45:00] 📁 PROFILES CREATED: {'Profile 25'}
[2025-09-04 10:45:00] 🔄 LOCAL STATE CHANGED
[2025-09-04 10:45:00]   Added to Local State: {'Profile 25'}
[2025-09-04 10:45:03] 📁 PROFILES CREATED: {'Profile 27', 'Profile 26'}
[2025-09-04 10:45:03] 🔄 LOCAL STATE CHANGED
[2025-09-04 10:45:03]   Added to Local State: {'Profile 26'}
[2025-09-04 10:45:06] 🔄 LOCAL STATE CHANGED
[2025-09-04 10:45:06]   Added to Local State: {'Profile 27'}
[2025-09-04 10:47:01] 📁 PROFILES CREATED: {'Profile 20'}
[2025-09-04 10:47:03] 🔄 LOCAL STATE CHANGED
[2025-09-04 10:47:03]   Added to Local State: {'Profile 20'}
[2025-09-04 10:47:08] 📁 PROFILES CREATED: {'Profile 21'}
[2025-09-04 10:47:08] 🔄 LOCAL STATE CHANGED
[2025-09-04 10:47:08]   Added to Local State: {'Profile 21'}
[2025-09-04 10:47:11] 📁 PROFILES CREATED: {'Profile 23', 'Profile 22'}
[2025-09-04 10:47:11] 🔄 LOCAL STATE CHANGED
[2025-09-04 10:47:11]   Added to Local State: {'Profile 23', 'Profile 22'}
